<?xml version="1.0" encoding="UTF-8"?>
<!-- Generated by org.testng.reporters.JUnitReportReporter -->
<testsuite hostname="DESKTOP-OJCQH18" failures="0" tests="1" name="org.testng.Taskpri" time="0.017" errors="0" timestamp="04 Apr 2021 03:06:46 GMT" skipped="0">
  <testcase classname="org.testng.Taskpri" name="test1" time="0.017"/>
</testsuite> <!-- org.testng.Taskpri -->
