<?xml version="1.0" encoding="UTF-8"?>
<!-- Generated by org.testng.reporters.JUnitReportReporter -->
<testsuite hostname="DESKTOP-OJCQH18" failures="0" tests="3" name="org.testng.TaskTwo" time="0.022" errors="0" timestamp="04 Apr 2021 05:56:30 GMT" skipped="1">
  <testcase classname="org.testng.TaskTwo" name="test3" time="0.019"/>
  <testcase classname="org.testng.TaskTwo" name="test1" time="0.003"/>
  <testcase classname="org.testng.TaskTwo" name="test2">
    <skipped/>
  </testcase> <!-- test2 -->
</testsuite> <!-- org.testng.TaskTwo -->
