<?xml version="1.0" encoding="UTF-8"?>
<!-- Generated by org.testng.reporters.JUnitReportReporter -->
<testsuite hostname="DESKTOP-OJCQH18" failures="0" tests="2" name="org.testng.Dataone" time="0.025" errors="0" timestamp="05 Apr 2021 02:33:40 GMT" skipped="0">
  <testcase classname="org.testng.Dataone" name="tc22" time="0.020"/>
  <testcase classname="org.testng.Dataone" name="tc22" time="0.005"/>
</testsuite> <!-- org.testng.Dataone -->
