<?xml version="1.0" encoding="UTF-8"?>
<!-- Generated by org.testng.reporters.JUnitReportReporter -->
<testsuite hostname="DESKTOP-OJCQH18" failures="0" tests="6" name="org.testng.TaskCount" time="0.046" errors="0" timestamp="04 Apr 2021 05:55:12 GMT" skipped="0">
  <testcase classname="org.testng.TaskCount" name="tc2" time="0.003"/>
  <testcase classname="org.testng.TaskCount" name="tc1" time="0.022"/>
  <testcase classname="org.testng.TaskCount" name="tc2" time="0.003"/>
  <testcase classname="org.testng.TaskCount" name="tc2" time="0.009"/>
  <testcase classname="org.testng.TaskCount" name="tc2" time="0.005"/>
  <testcase classname="org.testng.TaskCount" name="tc2" time="0.004"/>
</testsuite> <!-- org.testng.TaskCount -->
