<?xml version="1.0" encoding="UTF-8"?>
<!-- Generated by org.testng.reporters.JUnitReportReporter -->
<testsuite hostname="DESKTOP-OJCQH18" failures="0" tests="2" name="org.testng.TaskPara" time="39.419" errors="0" timestamp="05 Apr 2021 02:24:37 GMT" skipped="0">
  <testcase classname="org.testng.TaskPara" name="tc1" time="20.437"/>
  <testcase classname="org.testng.TaskPara" name="tc1" time="18.982"/>
</testsuite> <!-- org.testng.TaskPara -->
