<?xml version="1.0" encoding="UTF-8"?>
<!-- Generated by org.testng.reporters.JUnitReportReporter -->
<testsuite hostname="DESKTOP-OJCQH18" failures="0" tests="1" name="org.testng.Group" time="0.017" errors="0" timestamp="05 Apr 2021 02:49:55 GMT" skipped="0">
  <testcase classname="org.testng.Group" name="test2" time="0.017"/>
</testsuite> <!-- org.testng.Group -->
