<?xml version="1.0" encoding="UTF-8"?>
<!-- Generated by org.testng.reporters.JUnitReportReporter -->
<testsuite hostname="DESKTOP-OJCQH18" failures="0" tests="1" name="org.testng.TaskOne" time="2.808" errors="0" timestamp="04 Apr 2021 05:55:12 GMT" skipped="0">
  <testcase classname="org.testng.TaskOne" name="login" time="2.808"/>
</testsuite> <!-- org.testng.TaskOne -->
